#
# A fatal error has been detected by the Java Runtime Environment:
#
#  Internal Error (javaClasses.cpp:124), pid=5904, tid=2080
#  fatal error: Invalid layout of preloaded class
#
# JRE version:  (8.0_05-b13) (build )
# Java VM: Java HotSpot(TM) Client VM (25.5-b02 mixed mode windows-x86 )
# Failed to write core dump. Minidumps are not enabled by default on client versions of Windows
#
# If you would like to submit a bug report, please visit:
#   http://bugreport.sun.com/bugreport/crash.jsp
#

---------------  T H R E A D  ---------------

Current thread (0x0026bc00):  JavaThread "Unknown thread" [_thread_in_vm, id=2080, stack(0x01270000,0x012c0000)]

Stack: [0x01270000,0x012c0000],  sp=0x012bf2ac,  free space=316k
Native frames: (J=compiled Java code, j=interpreted, Vv=VM code, C=native code)
V  [jvm.dll+0x1921e8]
V  [jvm.dll+0x18b2e6]
V  [jvm.dll+0x3aafa]
V  [jvm.dll+0x3acb0]
V  [jvm.dll+0x499f3]
V  [jvm.dll+0x9c1ae]
V  [jvm.dll+0x9c472]
V  [jvm.dll+0x140ae1]
V  [jvm.dll+0x1647e8]
V  [jvm.dll+0xd8c61]
C  [javaw.exe+0x13ce]
C  [javaw.exe+0x1e85]
C  [javaw.exe+0xab71]
C  [javaw.exe+0xabfb]
C  [kernel32.dll+0x4ed6c]
C  [ntdll.dll+0x637eb]
C  [ntdll.dll+0x637be]


---------------  P R O C E S S  ---------------

Java Threads: ( => current thread )

Other Threads:

=>0x0026bc00 (exited) JavaThread "Unknown thread" [_thread_in_vm, id=2080, stack(0x01270000,0x012c0000)]

VM state:not at safepoint (not fully initialized)

VM Mutex/Monitor currently owned by a thread: None

GC Heap History (0 events):
No events

Deoptimization events (0 events):
No events

Internal exceptions (0 events):
No events

Events (10 events):
Event: 0.320 loading class java/lang/CharSequence done
Event: 0.320 loading class java/lang/String done
Event: 0.320 loading class java/lang/Class
Event: 0.337 loading class java/lang/reflect/AnnotatedElement
Event: 0.337 loading class java/lang/reflect/AnnotatedElement done
Event: 0.337 loading class java/lang/reflect/GenericDeclaration
Event: 0.348 loading class java/lang/reflect/GenericDeclaration done
Event: 0.348 loading class java/lang/reflect/Type
Event: 0.348 loading class java/lang/reflect/Type done
Event: 0.349 loading class java/lang/Class done


Dynamic libraries:
0x01210000 - 0x01240000 	C:\Program Files\Java\jre8\bin\javaw.exe
0x778a0000 - 0x779dc000 	C:\Windows\SYSTEM32\ntdll.dll
0x77120000 - 0x771f4000 	C:\Windows\system32\kernel32.dll
0x75bc0000 - 0x75c0b000 	C:\Windows\system32\KERNELBASE.dll
0x77400000 - 0x774a0000 	C:\Windows\system32\ADVAPI32.dll
0x76ae0000 - 0x76b8c000 	C:\Windows\system32\msvcrt.dll
0x768c0000 - 0x768d9000 	C:\Windows\SYSTEM32\sechost.dll
0x777f0000 - 0x77891000 	C:\Windows\system32\RPCRT4.dll
0x77500000 - 0x775c9000 	C:\Windows\system32\USER32.dll
0x75c20000 - 0x75c6e000 	C:\Windows\system32\GDI32.dll
0x779e0000 - 0x779ea000 	C:\Windows\system32\LPK.dll
0x772d0000 - 0x7736d000 	C:\Windows\system32\USP10.dll
0x740b0000 - 0x7424e000 	C:\Windows\WinSxS\x86_microsoft.windows.common-controls_6595b64144ccf1df_6.0.7601.17514_none_41e6975e2bd6f2b2\COMCTL32.dll
0x774a0000 - 0x774f7000 	C:\Windows\system32\SHLWAPI.dll
0x76d00000 - 0x76d1f000 	C:\Windows\system32\IMM32.DLL
0x77a00000 - 0x77acc000 	C:\Windows\system32\MSCTF.dll
0x53210000 - 0x532cf000 	C:\Program Files\Java\jre8\bin\msvcr100.dll
0x6d7a0000 - 0x6db36000 	C:\Program Files\Java\jre8\bin\client\jvm.dll
0x70df0000 - 0x70df7000 	C:\Windows\system32\WSOCK32.dll
0x77200000 - 0x77235000 	C:\Windows\system32\WS2_32.dll
0x76da0000 - 0x76da6000 	C:\Windows\system32\NSI.dll
0x73460000 - 0x73492000 	C:\Windows\system32\WINMM.dll
0x76b90000 - 0x76b95000 	C:\Windows\system32\PSAPI.DLL
0x74440000 - 0x7444c000 	C:\Program Files\Java\jre8\bin\verify.dll
0x72110000 - 0x72131000 	C:\Program Files\Java\jre8\bin\java.dll
0x720f0000 - 0x72103000 	C:\Program Files\Java\jre8\bin\zip.dll
0x6eb40000 - 0x6ec2b000 	C:\Windows\system32\dbghelp.dll

VM Arguments:
jvm_args: -Dfile.encoding=MS949 -Xbootclasspath:C:\Users\ydjune\android-sdks\platforms\android-16\android.jar 
java_command: edu.purdue.cs252.lab6.serverapp.DirectoryServer
java_class_path (initial): C:\Users\ydjune\workspace\cs252-lab6-master\cs252-lab6-master\bin\classes
Launcher Type: SUN_STANDARD

Environment Variables:
PATH=C:/Program Files/Java/jre8/bin/client;C:/Program Files/Java/jre8/bin;C:/Program Files/Java/jre8/lib/i386;C:\Windows\system32;C:\Windows;C:\Windows\System32\Wbem;C:\Windows\System32\WindowsPowerShell\v1.0\;c:\Program Files\Microsoft SQL Server\100\Tools\Binn\;c:\Program Files\Microsoft SQL Server\100\DTS\Binn\;C:\Program Files\ATI Technologies\ATI.ACE\Core-Static;C:\Program Files\Java\jdk1.8.0_05\bin;C:\Program Files\Microsoft\Web Platform Installer\;C:\Program Files\Microsoft ASP.NET\ASP.NET Web Pages\v1.0\;C:\Program Files\Windows Kits\8.0\Windows Performance Toolkit\;C:\Program Files\Microsoft SQL Server\110\Tools\Binn\;C:\Program Files\eclipse;
USERNAME=ydjune
OS=Windows_NT
PROCESSOR_IDENTIFIER=x86 Family 6 Model 42 Stepping 7, GenuineIntel



---------------  S Y S T E M  ---------------

OS: Windows 7 Build 7601 Service Pack 1

CPU:total 8 (4 cores per cpu, 2 threads per core) family 6 model 42 stepping 7, cmov, cx8, fxsr, mmx, sse, sse2, sse3, ssse3, sse4.1, sse4.2, popcnt, avx, aes, clmul, ht, tsc, tscinvbit

Memory: 4k page, physical 3133928k(849280k free), swap 6266104k(3229992k free)

vm_info: Java HotSpot(TM) Client VM (25.5-b02) for windows-x86 JRE (1.8.0_05-b13), built on Mar 18 2014 01:14:47 by "java_re" with MS VC++ 10.0 (VS2010)

time: Mon Jul 07 22:15:54 2014
elapsed time: 0 seconds

