#
# A fatal error has been detected by the Java Runtime Environment:
#
#  Internal Error (javaClasses.cpp:136), pid=3568, tid=5652
#  fatal error: Invalid layout of preloaded class
#
# JRE version:  (7.0_51-b13) (build )
# Java VM: Java HotSpot(TM) Client VM (24.51-b03 mixed mode windows-x86 )
# Failed to write core dump. Minidumps are not enabled by default on client versions of Windows
#
# If you would like to submit a bug report, please visit:
#   http://bugreport.sun.com/bugreport/crash.jsp
#

---------------  T H R E A D  ---------------

Current thread (0x01adc800):  JavaThread "Unknown thread" [_thread_in_vm, id=5652, stack(0x00140000,0x00190000)]

Stack: [0x00140000,0x00190000],  sp=0x0018f5f0,  free space=317k
Native frames: (J=compiled Java code, j=interpreted, Vv=VM code, C=native code)
V  [jvm.dll+0x18e0f1]
V  [jvm.dll+0x187e66]
V  [jvm.dll+0x3586a]
V  [jvm.dll+0x358f6]
V  [jvm.dll+0x4400d]
V  [jvm.dll+0x442be]
V  [jvm.dll+0x9263a]
V  [jvm.dll+0x929eb]
V  [jvm.dll+0x13dc51]
V  [jvm.dll+0x16076c]
V  [jvm.dll+0xc8ebf]
C  [javaw.exe+0x13ce]
C  [javaw.exe+0x1e40]
C  [javaw.exe+0xa5b1]
C  [javaw.exe+0xa63b]
C  [kernel32.dll+0x4ee1c]
C  [ntdll.dll+0x637eb]
C  [ntdll.dll+0x637be]


---------------  P R O C E S S  ---------------

Java Threads: ( => current thread )

Other Threads:

=>0x01adc800 (exited) JavaThread "Unknown thread" [_thread_in_vm, id=5652, stack(0x00140000,0x00190000)]

VM state:not at safepoint (not fully initialized)

VM Mutex/Monitor currently owned by a thread: None

GC Heap History (0 events):
No events

Deoptimization events (0 events):
No events

Internal exceptions (0 events):
No events

Events (10 events):
Event: 0.016 loading class 0x01952a98 done
Event: 0.016 loading class 0x01952528 done
Event: 0.016 loading class 0x01952508
Event: 0.016 loading class 0x01959830
Event: 0.016 loading class 0x01959830 done
Event: 0.016 loading class 0x01959860
Event: 0.016 loading class 0x01959860 done
Event: 0.016 loading class 0x01959890
Event: 0.016 loading class 0x01959890 done
Event: 0.016 loading class 0x01952508 done


Dynamic libraries:
0x012f0000 - 0x0131f000 	C:\Program Files\Java\jre7\bin\javaw.exe
0x77210000 - 0x7734c000 	C:\Windows\SYSTEM32\ntdll.dll
0x75590000 - 0x75664000 	C:\Windows\system32\kernel32.dll
0x754d0000 - 0x7551b000 	C:\Windows\system32\KERNELBASE.dll
0x75a40000 - 0x75ae0000 	C:\Windows\system32\ADVAPI32.dll
0x75e20000 - 0x75ecc000 	C:\Windows\system32\msvcrt.dll
0x77410000 - 0x77429000 	C:\Windows\SYSTEM32\sechost.dll
0x75670000 - 0x75712000 	C:\Windows\system32\RPCRT4.dll
0x77140000 - 0x77209000 	C:\Windows\system32\USER32.dll
0x75fa0000 - 0x75fee000 	C:\Windows\system32\GDI32.dll
0x75580000 - 0x7558a000 	C:\Windows\system32\LPK.dll
0x759a0000 - 0x75a3d000 	C:\Windows\system32\USP10.dll
0x73dc0000 - 0x73f5e000 	C:\Windows\WinSxS\x86_microsoft.windows.common-controls_6595b64144ccf1df_6.0.7601.17514_none_41e6975e2bd6f2b2\COMCTL32.dll
0x75720000 - 0x75777000 	C:\Windows\system32\SHLWAPI.dll
0x77360000 - 0x7737f000 	C:\Windows\system32\IMM32.DLL
0x75ed0000 - 0x75f9c000 	C:\Windows\system32\MSCTF.dll
0x668b0000 - 0x6696f000 	C:\Program Files\Java\jre7\bin\msvcr100.dll
0x5bb00000 - 0x5be80000 	C:\Program Files\Java\jre7\bin\client\jvm.dll
0x6f2d0000 - 0x6f2d7000 	C:\Windows\system32\WSOCK32.dll
0x76fa0000 - 0x76fd5000 	C:\Windows\system32\WS2_32.dll
0x75bf0000 - 0x75bf6000 	C:\Windows\system32\NSI.dll
0x735d0000 - 0x73602000 	C:\Windows\system32\WINMM.dll
0x77430000 - 0x77435000 	C:\Windows\system32\PSAPI.DLL
0x741b0000 - 0x741bc000 	C:\Program Files\Java\jre7\bin\verify.dll
0x72c20000 - 0x72c40000 	C:\Program Files\Java\jre7\bin\java.dll
0x72c00000 - 0x72c13000 	C:\Program Files\Java\jre7\bin\zip.dll
0x6cba0000 - 0x6cc8b000 	C:\Windows\system32\dbghelp.dll

VM Arguments:
jvm_args: -Dfile.encoding=MS949 -Xbootclasspath:C:\Users\SECMEM_SYC\Downloads\adt-bundle-windows-x86-20140702\adt-bundle-windows-x86-20140702\sdk\platforms\android-16\android.jar 
java_command: edu.purdue.cs252.lab6.serverapp.DirectoryServer
Launcher Type: SUN_STANDARD

Environment Variables:
JAVA_HOME=C:\Program Files\Java\jdk1.7.0_51
CLASSPATH=C:\Program Files\Java\jdk1.7.0_51\lib\tool.jar
PATH=C:/Program Files/Java/jre7/bin/client;C:/Program Files/Java/jre7/bin;C:/Program Files/Java/jre7/lib/i386;C:\Program Files\NVIDIA Corporation\PhysX\Common;C:\Windows\system32;C:\Windows;C:\Windows\System32\Wbem;C:\Windows\System32\WindowsPowerShell\v1.0\;c:\Program Files\Microsoft SQL Server\100\Tools\Binn\;c:\Program Files\Microsoft SQL Server\100\DTS\Binn\;C:\Program Files\Java\jdk1.7.0_51bin;C:\Program Files\MySQL\MySQL Utilities 1.4.3\;C:\Program Files\MySQL\MySQL Utilities 1.4.3\Doctrine extensions for PHP\;C:\cygwin\home\endlessong\android-ndk-r9d;C:\Users\SECMEM_SYC\Downloads\adt-bundle-windows-x86-20140702\adt-bundle-windows-x86-20140702\eclipse;
USERNAME=SECMEM_SYC
OS=Windows_NT
PROCESSOR_IDENTIFIER=x86 Family 6 Model 42 Stepping 7, GenuineIntel



---------------  S Y S T E M  ---------------

OS: Windows 7 Build 7601 Service Pack 1

CPU:total 8 (4 cores per cpu, 2 threads per core) family 6 model 42 stepping 7, cmov, cx8, fxsr, mmx, sse, sse2, sse3, ssse3, sse4.1, sse4.2, popcnt, avx, aes, ht, tsc, tscinvbit

Memory: 4k page, physical 3396072k(1749880k free), swap 6790392k(4229224k free)

vm_info: Java HotSpot(TM) Client VM (24.51-b03) for windows-x86 JRE (1.7.0_51-b13), built on Dec 18 2013 19:09:58 by "java_re" with unknown MS VC++:1600

time: Tue Sep 23 02:25:55 2014
elapsed time: 0 seconds

