#
# A fatal error has been detected by the Java Runtime Environment:
#
#  Internal Error (javaClasses.cpp:136), pid=5652, tid=3416
#  fatal error: Invalid layout of preloaded class
#
# JRE version:  (7.0_51-b13) (build )
# Java VM: Java HotSpot(TM) Client VM (24.51-b03 mixed mode windows-x86 )
# Failed to write core dump. Minidumps are not enabled by default on client versions of Windows
#
# If you would like to submit a bug report, please visit:
#   http://bugreport.sun.com/bugreport/crash.jsp
#

---------------  T H R E A D  ---------------

Current thread (0x00ddc400):  JavaThread "Unknown thread" [_thread_in_vm, id=3416, stack(0x003d0000,0x00420000)]

Stack: [0x003d0000,0x00420000],  sp=0x0041f9b8,  free space=318k
Native frames: (J=compiled Java code, j=interpreted, Vv=VM code, C=native code)
V  [jvm.dll+0x18e0f1]
V  [jvm.dll+0x187e66]
V  [jvm.dll+0x3586a]
V  [jvm.dll+0x358f6]
V  [jvm.dll+0x4400d]
V  [jvm.dll+0x442be]
V  [jvm.dll+0x9263a]
V  [jvm.dll+0x929eb]
V  [jvm.dll+0x13dc51]
V  [jvm.dll+0x16076c]
V  [jvm.dll+0xc8ebf]
C  [javaw.exe+0x13ce]
C  [javaw.exe+0x1e40]
C  [javaw.exe+0xa5b1]
C  [javaw.exe+0xa63b]
C  [kernel32.dll+0x4ee1c]
C  [ntdll.dll+0x637eb]
C  [ntdll.dll+0x637be]


---------------  P R O C E S S  ---------------

Java Threads: ( => current thread )

Other Threads:

=>0x00ddc400 (exited) JavaThread "Unknown thread" [_thread_in_vm, id=3416, stack(0x003d0000,0x00420000)]

VM state:not at safepoint (not fully initialized)

VM Mutex/Monitor currently owned by a thread: None

GC Heap History (0 events):
No events

Deoptimization events (0 events):
No events

Internal exceptions (0 events):
No events

Events (10 events):
Event: 0.038 loading class 0x005f2908 done
Event: 0.038 loading class 0x005f2398 done
Event: 0.038 loading class 0x005f2378
Event: 0.038 loading class 0x005f96a0
Event: 0.038 loading class 0x005f96a0 done
Event: 0.038 loading class 0x005f96d0
Event: 0.038 loading class 0x005f96d0 done
Event: 0.038 loading class 0x005f9700
Event: 0.038 loading class 0x005f9700 done
Event: 0.038 loading class 0x005f2378 done


Dynamic libraries:
0x00f20000 - 0x00f4f000 	C:\Program Files\Java\jre7\bin\javaw.exe
0x77ad0000 - 0x77c0c000 	C:\Windows\SYSTEM32\ntdll.dll
0x76540000 - 0x76614000 	C:\Windows\system32\kernel32.dll
0x75d20000 - 0x75d6b000 	C:\Windows\system32\KERNELBASE.dll
0x76120000 - 0x761c0000 	C:\Windows\system32\ADVAPI32.dll
0x761c0000 - 0x7626c000 	C:\Windows\system32\msvcrt.dll
0x76630000 - 0x76649000 	C:\Windows\SYSTEM32\sechost.dll
0x75ea0000 - 0x75f42000 	C:\Windows\system32\RPCRT4.dll
0x767b0000 - 0x76879000 	C:\Windows\system32\USER32.dll
0x75e50000 - 0x75e9e000 	C:\Windows\system32\GDI32.dll
0x77c30000 - 0x77c3a000 	C:\Windows\system32\LPK.dll
0x77c60000 - 0x77cfd000 	C:\Windows\system32\USP10.dll
0x746c0000 - 0x7485e000 	C:\Windows\WinSxS\x86_microsoft.windows.common-controls_6595b64144ccf1df_6.0.7601.17514_none_41e6975e2bd6f2b2\COMCTL32.dll
0x76270000 - 0x762c7000 	C:\Windows\system32\SHLWAPI.dll
0x77c40000 - 0x77c5f000 	C:\Windows\system32\IMM32.DLL
0x76470000 - 0x7653c000 	C:\Windows\system32\MSCTF.dll
0x77f40000 - 0x77fff000 	C:\Program Files\Java\jre7\bin\msvcr100.dll
0x5a440000 - 0x5a7c0000 	C:\Program Files\Java\jre7\bin\client\jvm.dll
0x6fba0000 - 0x6fba7000 	C:\Windows\system32\WSOCK32.dll
0x76430000 - 0x76465000 	C:\Windows\system32\WS2_32.dll
0x77c10000 - 0x77c16000 	C:\Windows\system32\NSI.dll
0x73ca0000 - 0x73cd2000 	C:\Windows\system32\WINMM.dll
0x77c20000 - 0x77c25000 	C:\Windows\system32\PSAPI.DLL
0x73720000 - 0x7372c000 	C:\Program Files\Java\jre7\bin\verify.dll
0x73700000 - 0x73720000 	C:\Program Files\Java\jre7\bin\java.dll
0x60ce0000 - 0x60cf3000 	C:\Program Files\Java\jre7\bin\zip.dll
0x6c4d0000 - 0x6c5bb000 	C:\Windows\system32\dbghelp.dll

VM Arguments:
jvm_args: -Dfile.encoding=MS949 -Xbootclasspath:C:\Users\SECMEM_SYC\Downloads\adt-bundle-windows-x86-20140702\adt-bundle-windows-x86-20140702\sdk\platforms\android-16\android.jar 
java_command: edu.purdue.cs252.lab6.serverapp.DirectoryServer
Launcher Type: SUN_STANDARD

Environment Variables:
JAVA_HOME=C:\Program Files\Java\jdk1.7.0_51
CLASSPATH=C:\Program Files\Java\jdk1.7.0_51\lib\tool.jar
PATH=C:/Program Files/Java/jre7/bin/client;C:/Program Files/Java/jre7/bin;C:/Program Files/Java/jre7/lib/i386;C:\Program Files\NVIDIA Corporation\PhysX\Common;C:\Windows\system32;C:\Windows;C:\Windows\System32\Wbem;C:\Windows\System32\WindowsPowerShell\v1.0\;c:\Program Files\Microsoft SQL Server\100\Tools\Binn\;c:\Program Files\Microsoft SQL Server\100\DTS\Binn\;C:\Program Files\Java\jdk1.7.0_51bin;C:\Program Files\MySQL\MySQL Utilities 1.4.3\;C:\Program Files\MySQL\MySQL Utilities 1.4.3\Doctrine extensions for PHP\;C:\cygwin\home\endlessong\android-ndk-r9d;C:\Users\SECMEM_SYC\Downloads\adt-bundle-windows-x86-20140702\adt-bundle-windows-x86-20140702\eclipse;
USERNAME=SECMEM_SYC
OS=Windows_NT
PROCESSOR_IDENTIFIER=x86 Family 6 Model 42 Stepping 7, GenuineIntel



---------------  S Y S T E M  ---------------

OS: Windows 7 Build 7601 Service Pack 1

CPU:total 8 (4 cores per cpu, 2 threads per core) family 6 model 42 stepping 7, cmov, cx8, fxsr, mmx, sse, sse2, sse3, ssse3, sse4.1, sse4.2, popcnt, avx, aes, ht, tsc, tscinvbit

Memory: 4k page, physical 3396072k(1151804k free), swap 6790392k(3781752k free)

vm_info: Java HotSpot(TM) Client VM (24.51-b03) for windows-x86 JRE (1.7.0_51-b13), built on Dec 18 2013 19:09:58 by "java_re" with unknown MS VC++:1600

time: Wed Sep 03 09:09:27 2014
elapsed time: 0 seconds

